You have triggered an unhandledRejection, you may have forgotten to catch a Promise rejection:
Error: Cannot find package '@google/generative-ai' imported from /home/han/Coding/AiChat/backend/dist/common/services/ai.service.js
    at Object.getPackageJSONURL (node:internal/modules/package_json_reader:301:9)
    at packageResolve (node:internal/modules/esm/resolve:768:81)
    at moduleResolve (node:internal/modules/esm/resolve:859:18)
    at defaultResolve (node:internal/modules/esm/resolve:991:11)
    at ModuleLoader.#cachedDefaultResolve (node:internal/modules/esm/loader:713:20)
    at ModuleLoader.#resolveAndMaybeBlockOnLoaderThread (node:internal/modules/esm/loader:730:38)
    at ModuleLoader.resolveSync (node:internal/modules/esm/loader:759:52)
    at ModuleLoader.#resolve (node:internal/modules/esm/loader:695:17)
    at ModuleLoader.getOrCreateModuleJob (node:internal/modules/esm/loader:615:35)
    at ModuleJob.syncLink (node:internal/modules/esm/module_job:160:33)
You have triggered an unhandledRejection, you may have forgotten to catch a Promise rejection:
Error: Cannot find package '@google/generative-ai' imported from /home/han/Coding/AiChat/backend/dist/common/services/ai.service.js
    at Object.getPackageJSONURL (node:internal/modules/package_json_reader:301:9)
    at packageResolve (node:internal/modules/esm/resolve:768:81)
    at moduleResolve (node:internal/modules/esm/resolve:859:18)
    at defaultResolve (node:internal/modules/esm/resolve:991:11)
    at ModuleLoader.#cachedDefaultResolve (node:internal/modules/esm/loader:713:20)
    at ModuleLoader.#resolveAndMaybeBlockOnLoaderThread (node:internal/modules/esm/loader:730:38)
    at ModuleLoader.resolveSync (node:internal/modules/esm/loader:759:52)
    at ModuleLoader.#resolve (node:internal/modules/esm/loader:695:17)
    at ModuleLoader.getOrCreateModuleJob (node:internal/modules/esm/loader:615:35)
    at ModuleJob.syncLink (node:internal/modules/esm/module_job:160:33)
